The system is: Linux - 4.4.0-19041-Microsoft - x86_64
Compiling the CXX compiler identification source file "CMakeCXXCompilerId.cpp" succeeded.
Compiler: /usr/bin/g++ 
Build flags: 
Id flags: 

The output was:
0


Compilation of the CXX compiler identification source "CMakeCXXCompilerId.cpp" produced "a.out"

The CXX compiler identification is GNU, found in "/mnt/c/Users/GUY/Desktop/code/hacking/ctfs/CTFs/kaf2020/oops_my_exploit/server/cmake-build-debug/CMakeFiles/3.5.1/CompilerIdCXX/a.out"

Determining if the CXX compiler works passed with the following output:
Change Dir: /mnt/c/Users/GUY/Desktop/code/hacking/ctfs/CTFs/kaf2020/oops_my_exploit/server/cmake-build-debug/CMakeFiles/CMakeTmp

Run Build Command:"/usr/bin/make" "cmTC_6b61c/fast"
/usr/bin/make -f CMakeFiles/cmTC_6b61c.dir/build.make CMakeFiles/cmTC_6b61c.dir/build
make[1]: Entering directory '/mnt/c/Users/GUY/Desktop/code/hacking/ctfs/CTFs/kaf2020/oops_my_exploit/server/cmake-build-debug/CMakeFiles/CMakeTmp'
Building CXX object CMakeFiles/cmTC_6b61c.dir/testCXXCompiler.cxx.o
/usr/bin/g++      -o CMakeFiles/cmTC_6b61c.dir/testCXXCompiler.cxx.o -c /mnt/c/Users/GUY/Desktop/code/hacking/ctfs/CTFs/kaf2020/oops_my_exploit/server/cmake-build-debug/CMakeFiles/CMakeTmp/testCXXCompiler.cxx
Linking CXX executable cmTC_6b61c
/usr/bin/cmake -E cmake_link_script CMakeFiles/cmTC_6b61c.dir/link.txt --verbose=1
/usr/bin/g++        CMakeFiles/cmTC_6b61c.dir/testCXXCompiler.cxx.o  -o cmTC_6b61c 
make[1]: Leaving directory '/mnt/c/Users/GUY/Desktop/code/hacking/ctfs/CTFs/kaf2020/oops_my_exploit/server/cmake-build-debug/CMakeFiles/CMakeTmp'


The system is: Linux - 4.4.0-19041-Microsoft - x86_64
Compiling the CXX compiler identification source file "CMakeCXXCompilerId.cpp" succeeded.
Compiler: /usr/bin/g++ 
Build flags: 
Id flags:  

The output was:
0


Compilation of the CXX compiler identification source "CMakeCXXCompilerId.cpp" produced "a.out"

The CXX compiler identification is GNU, found in "/mnt/c/Users/GUY/Desktop/code/hacking/ctfs/CTFs/kaf2020/oops_my_exploit/server/cmake-build-debug/CMakeFiles/3.18.4/CompilerIdCXX/a.out"

Determining if the CXX compiler works passed with the following output:
Change Dir: /mnt/c/Users/GUY/Desktop/code/hacking/ctfs/CTFs/kaf2020/oops_my_exploit/server/cmake-build-debug/CMakeFiles/CMakeTmp

Run Build Command(s):/usr/bin/make cmTC_03071/fast && /usr/bin/make  -f CMakeFiles/cmTC_03071.dir/build.make CMakeFiles/cmTC_03071.dir/build
make[1]: Entering directory '/mnt/c/Users/GUY/Desktop/code/hacking/ctfs/CTFs/kaf2020/oops_my_exploit/server/cmake-build-debug/CMakeFiles/CMakeTmp'
Building CXX object CMakeFiles/cmTC_03071.dir/testCXXCompiler.cxx.o
/usr/bin/g++    -o CMakeFiles/cmTC_03071.dir/testCXXCompiler.cxx.o -c /mnt/c/Users/GUY/Desktop/code/hacking/ctfs/CTFs/kaf2020/oops_my_exploit/server/cmake-build-debug/CMakeFiles/CMakeTmp/testCXXCompiler.cxx
Linking CXX executable cmTC_03071
/usr/local/bin/cmake -E cmake_link_script CMakeFiles/cmTC_03071.dir/link.txt --verbose=1
/usr/bin/g++ CMakeFiles/cmTC_03071.dir/testCXXCompiler.cxx.o -o cmTC_03071 
make[1]: Leaving directory '/mnt/c/Users/GUY/Desktop/code/hacking/ctfs/CTFs/kaf2020/oops_my_exploit/server/cmake-build-debug/CMakeFiles/CMakeTmp'



