The target system is: Android - 1 - aarch64
The host system is: Windows - 10.0.19041 - AMD64
Determining if the C compiler works passed with the following output:
Change Dir: C:/Users/GUY/Desktop/code/hacking/ctfs/CTFs/kaf2020/oops_my_exploit/android_app/kaf2020android/app/.cxx/cmake/release/arm64-v8a/CMakeFiles/CMakeTmp

Run Build Command:"F:\android-studio_sdk\cmake\3.10.2.4988404\bin\ninja.exe" "cmTC_14922"
[1/2] Building C object CMakeFiles/cmTC_14922.dir/testCCompiler.c.o
[2/2] Linking C executable cmTC_14922


Detecting C compiler ABI info compiled with the following output:
Change Dir: C:/Users/GUY/Desktop/code/hacking/ctfs/CTFs/kaf2020/oops_my_exploit/android_app/kaf2020android/app/.cxx/cmake/release/arm64-v8a/CMakeFiles/CMakeTmp

Run Build Command:"F:\android-studio_sdk\cmake\3.10.2.4988404\bin\ninja.exe" "cmTC_85cd5"
[1/2] Building C object CMakeFiles/cmTC_85cd5.dir/CMakeCCompilerABI.c.o
[2/2] Linking C executable cmTC_85cd5
Android (6454773 based on r365631c2) clang version 9.0.8 (https://android.googlesource.com/toolchain/llvm-project 98c855489587874b2a325e7a516b99d838599c6f) (based on LLVM 9.0.8svn)
Target: aarch64-none-linux-android24
Thread model: posix
InstalledDir: F:\android-studio_sdk\ndk\21.3.6528147\toolchains\llvm\prebuilt\windows-x86_64\bin
Found candidate GCC installation: F:/android-studio_sdk/ndk/21.3.6528147/toolchains/llvm/prebuilt/windows-x86_64/lib/gcc/aarch64-linux-android\4.9.x
Selected GCC installation: F:/android-studio_sdk/ndk/21.3.6528147/toolchains/llvm/prebuilt/windows-x86_64/lib/gcc/aarch64-linux-android/4.9.x
Candidate multilib: .;@m64
Selected multilib: .;@m64
Found CUDA installation: C:\Program Files\NVIDIA GPU Computing Toolkit\CUDA\v10.1, version 10.1
 "F:/android-studio_sdk/ndk/21.3.6528147/toolchains/llvm/prebuilt/windows-x86_64/lib/gcc/aarch64-linux-android/4.9.x/../../../../aarch64-linux-android/bin\\ld" --sysroot=F:/android-studio_sdk/ndk/21.3.6528147/toolchains/llvm/prebuilt/windows-x86_64/sysroot -pie -z noexecstack -EL --fix-cortex-a53-843419 --warn-shared-textrel -z now -z relro -z max-page-size=4096 --hash-style=gnu --enable-new-dtags --eh-frame-hdr -m aarch64linux -dynamic-linker /system/bin/linker64 -o cmTC_85cd5 "F:/android-studio_sdk/ndk/21.3.6528147/toolchains/llvm/prebuilt/windows-x86_64/sysroot/usr/lib/aarch64-linux-android/24\\crtbegin_dynamic.o" "-LF:\\android-studio_sdk\\ndk\\21.3.6528147\\toolchains\\llvm\\prebuilt\\windows-x86_64\\lib64\\clang\\9.0.8\\lib\\linux\\aarch64" -LF:/android-studio_sdk/ndk/21.3.6528147/toolchains/llvm/prebuilt/windows-x86_64/lib/gcc/aarch64-linux-android/4.9.x -LF:/android-studio_sdk/ndk/21.3.6528147/toolchains/llvm/prebuilt/windows-x86_64/lib/gcc/aarch64-linux-android/4.9.x/../../../../aarch64-linux-android/lib/../lib64 -LF:/android-studio_sdk/ndk/21.3.6528147/toolchains/llvm/prebuilt/windows-x86_64/sysroot/usr/lib/aarch64-linux-android/24 -LF:/android-studio_sdk/ndk/21.3.6528147/toolchains/llvm/prebuilt/windows-x86_64/sysroot/usr/lib/aarch64-linux-android -LF:/android-studio_sdk/ndk/21.3.6528147/toolchains/llvm/prebuilt/windows-x86_64/lib/gcc/aarch64-linux-android/4.9.x/../../../../aarch64-linux-android/lib -LF:/android-studio_sdk/ndk/21.3.6528147/toolchains/llvm/prebuilt/windows-x86_64/sysroot/usr/lib --exclude-libs libgcc.a --exclude-libs libgcc_real.a --exclude-libs libatomic.a --build-id --fatal-warnings --no-undefined --gc-sections CMakeFiles/cmTC_85cd5.dir/CMakeCCompilerABI.c.o -lgcc -ldl -lc -lgcc -ldl "F:/android-studio_sdk/ndk/21.3.6528147/toolchains/llvm/prebuilt/windows-x86_64/sysroot/usr/lib/aarch64-linux-android/24\\crtend_android.o"


Parsed C implicit link information from above output:
  link line regex: [^( *|.*[/\])(aarch64-linux-android-ld\.exe|CMAKE_LINK_STARTFILE-NOTFOUND|([^/\]+-)?ld|collect2)[^/\]*( |$)]
  ignore line: [Change Dir: C:/Users/GUY/Desktop/code/hacking/ctfs/CTFs/kaf2020/oops_my_exploit/android_app/kaf2020android/app/.cxx/cmake/release/arm64-v8a/CMakeFiles/CMakeTmp]
  ignore line: []
  ignore line: [Run Build Command:"F:\android-studio_sdk\cmake\3.10.2.4988404\bin\ninja.exe" "cmTC_85cd5"]
  ignore line: [[1/2] Building C object CMakeFiles/cmTC_85cd5.dir/CMakeCCompilerABI.c.o]
  ignore line: [[2/2] Linking C executable cmTC_85cd5]
  ignore line: [Android (6454773 based on r365631c2) clang version 9.0.8 (https://android.googlesource.com/toolchain/llvm-project 98c855489587874b2a325e7a516b99d838599c6f) (based on LLVM 9.0.8svn)]
  ignore line: [Target: aarch64-none-linux-android24]
  ignore line: [Thread model: posix]
  ignore line: [InstalledDir: F:\android-studio_sdk\ndk\21.3.6528147\toolchains\llvm\prebuilt\windows-x86_64\bin]
  ignore line: [Found candidate GCC installation: F:/android-studio_sdk/ndk/21.3.6528147/toolchains/llvm/prebuilt/windows-x86_64/lib/gcc/aarch64-linux-android\4.9.x]
  ignore line: [Selected GCC installation: F:/android-studio_sdk/ndk/21.3.6528147/toolchains/llvm/prebuilt/windows-x86_64/lib/gcc/aarch64-linux-android/4.9.x]
  ignore line: [Candidate multilib: .]
  ignore line: [@m64]
  ignore line: [Selected multilib: .]
  ignore line: [@m64]
  ignore line: [Found CUDA installation: C:\Program Files\NVIDIA GPU Computing Toolkit\CUDA\v10.1, version 10.1]
  link line: [ "F:/android-studio_sdk/ndk/21.3.6528147/toolchains/llvm/prebuilt/windows-x86_64/lib/gcc/aarch64-linux-android/4.9.x/../../../../aarch64-linux-android/bin\\ld" --sysroot=F:/android-studio_sdk/ndk/21.3.6528147/toolchains/llvm/prebuilt/windows-x86_64/sysroot -pie -z noexecstack -EL --fix-cortex-a53-843419 --warn-shared-textrel -z now -z relro -z max-page-size=4096 --hash-style=gnu --enable-new-dtags --eh-frame-hdr -m aarch64linux -dynamic-linker /system/bin/linker64 -o cmTC_85cd5 "F:/android-studio_sdk/ndk/21.3.6528147/toolchains/llvm/prebuilt/windows-x86_64/sysroot/usr/lib/aarch64-linux-android/24\\crtbegin_dynamic.o" "-LF:\\android-studio_sdk\\ndk\\21.3.6528147\\toolchains\\llvm\\prebuilt\\windows-x86_64\\lib64\\clang\\9.0.8\\lib\\linux\\aarch64" -LF:/android-studio_sdk/ndk/21.3.6528147/toolchains/llvm/prebuilt/windows-x86_64/lib/gcc/aarch64-linux-android/4.9.x -LF:/android-studio_sdk/ndk/21.3.6528147/toolchains/llvm/prebuilt/windows-x86_64/lib/gcc/aarch64-linux-android/4.9.x/../../../../aarch64-linux-android/lib/../lib64 -LF:/android-studio_sdk/ndk/21.3.6528147/toolchains/llvm/prebuilt/windows-x86_64/sysroot/usr/lib/aarch64-linux-android/24 -LF:/android-studio_sdk/ndk/21.3.6528147/toolchains/llvm/prebuilt/windows-x86_64/sysroot/usr/lib/aarch64-linux-android -LF:/android-studio_sdk/ndk/21.3.6528147/toolchains/llvm/prebuilt/windows-x86_64/lib/gcc/aarch64-linux-android/4.9.x/../../../../aarch64-linux-android/lib -LF:/android-studio_sdk/ndk/21.3.6528147/toolchains/llvm/prebuilt/windows-x86_64/sysroot/usr/lib --exclude-libs libgcc.a --exclude-libs libgcc_real.a --exclude-libs libatomic.a --build-id --fatal-warnings --no-undefined --gc-sections CMakeFiles/cmTC_85cd5.dir/CMakeCCompilerABI.c.o -lgcc -ldl -lc -lgcc -ldl "F:/android-studio_sdk/ndk/21.3.6528147/toolchains/llvm/prebuilt/windows-x86_64/sysroot/usr/lib/aarch64-linux-android/24\\crtend_android.o"]
    arg [F:/android-studio_sdk/ndk/21.3.6528147/toolchains/llvm/prebuilt/windows-x86_64/lib/gcc/aarch64-linux-android/4.9.x/../../../../aarch64-linux-android/bin\\ld] ==> ignore
    arg [--sysroot=F:/android-studio_sdk/ndk/21.3.6528147/toolchains/llvm/prebuilt/windows-x86_64/sysroot] ==> ignore
    arg [-pie] ==> ignore
    arg [-znoexecstack] ==> ignore
    arg [-EL] ==> ignore
    arg [--fix-cortex-a53-843419] ==> ignore
    arg [--warn-shared-textrel] ==> ignore
    arg [-znow] ==> ignore
    arg [-zrelro] ==> ignore
    arg [-zmax-page-size=4096] ==> ignore
    arg [--hash-style=gnu] ==> ignore
    arg [--enable-new-dtags] ==> ignore
    arg [--eh-frame-hdr] ==> ignore
    arg [-m] ==> ignore
    arg [aarch64linux] ==> ignore
    arg [-dynamic-linker] ==> ignore
    arg [/system/bin/linker64] ==> ignore
    arg [-o] ==> ignore
    arg [cmTC_85cd5] ==> ignore
    arg [F:/android-studio_sdk/ndk/21.3.6528147/toolchains/llvm/prebuilt/windows-x86_64/sysroot/usr/lib/aarch64-linux-android/24\\crtbegin_dynamic.o] ==> ignore
    arg [-LF:\\android-studio_sdk\\ndk\\21.3.6528147\\toolchains\\llvm\\prebuilt\\windows-x86_64\\lib64\\clang\\9.0.8\\lib\\linux\\aarch64] ==> dir [F:\\android-studio_sdk\\ndk\\21.3.6528147\\toolchains\\llvm\\prebuilt\\windows-x86_64\\lib64\\clang\\9.0.8\\lib\\linux\\aarch64]
    arg [-LF:/android-studio_sdk/ndk/21.3.6528147/toolchains/llvm/prebuilt/windows-x86_64/lib/gcc/aarch64-linux-android/4.9.x] ==> dir [F:/android-studio_sdk/ndk/21.3.6528147/toolchains/llvm/prebuilt/windows-x86_64/lib/gcc/aarch64-linux-android/4.9.x]
    arg [-LF:/android-studio_sdk/ndk/21.3.6528147/toolchains/llvm/prebuilt/windows-x86_64/lib/gcc/aarch64-linux-android/4.9.x/../../../../aarch64-linux-android/lib/../lib64] ==> dir [F:/android-studio_sdk/ndk/21.3.6528147/toolchains/llvm/prebuilt/windows-x86_64/lib/gcc/aarch64-linux-android/4.9.x/../../../../aarch64-linux-android/lib/../lib64]
    arg [-LF:/android-studio_sdk/ndk/21.3.6528147/toolchains/llvm/prebuilt/windows-x86_64/sysroot/usr/lib/aarch64-linux-android/24] ==> dir [F:/android-studio_sdk/ndk/21.3.6528147/toolchains/llvm/prebuilt/windows-x86_64/sysroot/usr/lib/aarch64-linux-android/24]
    arg [-LF:/android-studio_sdk/ndk/21.3.6528147/toolchains/llvm/prebuilt/windows-x86_64/sysroot/usr/lib/aarch64-linux-android] ==> dir [F:/android-studio_sdk/ndk/21.3.6528147/toolchains/llvm/prebuilt/windows-x86_64/sysroot/usr/lib/aarch64-linux-android]
    arg [-LF:/android-studio_sdk/ndk/21.3.6528147/toolchains/llvm/prebuilt/windows-x86_64/lib/gcc/aarch64-linux-android/4.9.x/../../../../aarch64-linux-android/lib] ==> dir [F:/android-studio_sdk/ndk/21.3.6528147/toolchains/llvm/prebuilt/windows-x86_64/lib/gcc/aarch64-linux-android/4.9.x/../../../../aarch64-linux-android/lib]
    arg [-LF:/android-studio_sdk/ndk/21.3.6528147/toolchains/llvm/prebuilt/windows-x86_64/sysroot/usr/lib] ==> dir [F:/android-studio_sdk/ndk/21.3.6528147/toolchains/llvm/prebuilt/windows-x86_64/sysroot/usr/lib]
    arg [--exclude-libs] ==> ignore
    arg [libgcc.a] ==> ignore
    arg [--exclude-libs] ==> ignore
    arg [libgcc_real.a] ==> ignore
    arg [--exclude-libs] ==> ignore
    arg [libatomic.a] ==> ignore
    arg [--build-id] ==> ignore
    arg [--fatal-warnings] ==> ignore
    arg [--no-undefined] ==> ignore
    arg [--gc-sections] ==> ignore
    arg [CMakeFiles/cmTC_85cd5.dir/CMakeCCompilerABI.c.o] ==> ignore
    arg [-lgcc] ==> lib [gcc]
    arg [-ldl] ==> lib [dl]
    arg [-lc] ==> lib [c]
    arg [-lgcc] ==> lib [gcc]
    arg [-ldl] ==> lib [dl]
    arg [F:/android-studio_sdk/ndk/21.3.6528147/toolchains/llvm/prebuilt/windows-x86_64/sysroot/usr/lib/aarch64-linux-android/24\\crtend_android.o] ==> ignore
  collapse library dir [F:\\android-studio_sdk\\ndk\\21.3.6528147\\toolchains\\llvm\\prebuilt\\windows-x86_64\\lib64\\clang\\9.0.8\\lib\\linux\\aarch64] ==> [F:/android-studio_sdk/ndk/21.3.6528147/toolchains/llvm/prebuilt/windows-x86_64/lib64/clang/9.0.8/lib/linux/aarch64]
  collapse library dir [F:/android-studio_sdk/ndk/21.3.6528147/toolchains/llvm/prebuilt/windows-x86_64/lib/gcc/aarch64-linux-android/4.9.x] ==> [F:/android-studio_sdk/ndk/21.3.6528147/toolchains/llvm/prebuilt/windows-x86_64/lib/gcc/aarch64-linux-android/4.9.x]
  collapse library dir [F:/android-studio_sdk/ndk/21.3.6528147/toolchains/llvm/prebuilt/windows-x86_64/lib/gcc/aarch64-linux-android/4.9.x/../../../../aarch64-linux-android/lib/../lib64] ==> [F:/android-studio_sdk/ndk/21.3.6528147/toolchains/llvm/prebuilt/windows-x86_64/aarch64-linux-android/lib64]
  collapse library dir [F:/android-studio_sdk/ndk/21.3.6528147/toolchains/llvm/prebuilt/windows-x86_64/sysroot/usr/lib/aarch64-linux-android/24] ==> [F:/android-studio_sdk/ndk/21.3.6528147/toolchains/llvm/prebuilt/windows-x86_64/sysroot/usr/lib/aarch64-linux-android/24]
  collapse library dir [F:/android-studio_sdk/ndk/21.3.6528147/toolchains/llvm/prebuilt/windows-x86_64/sysroot/usr/lib/aarch64-linux-android] ==> [F:/android-studio_sdk/ndk/21.3.6528147/toolchains/llvm/prebuilt/windows-x86_64/sysroot/usr/lib/aarch64-linux-android]
  collapse library dir [F:/android-studio_sdk/ndk/21.3.6528147/toolchains/llvm/prebuilt/windows-x86_64/lib/gcc/aarch64-linux-android/4.9.x/../../../../aarch64-linux-android/lib] ==> [F:/android-studio_sdk/ndk/21.3.6528147/toolchains/llvm/prebuilt/windows-x86_64/aarch64-linux-android/lib]
  collapse library dir [F:/android-studio_sdk/ndk/21.3.6528147/toolchains/llvm/prebuilt/windows-x86_64/sysroot/usr/lib] ==> [F:/android-studio_sdk/ndk/21.3.6528147/toolchains/llvm/prebuilt/windows-x86_64/sysroot/usr/lib]
  implicit libs: [gcc;dl;c;gcc;dl]
  implicit dirs: [F:/android-studio_sdk/ndk/21.3.6528147/toolchains/llvm/prebuilt/windows-x86_64/lib64/clang/9.0.8/lib/linux/aarch64;F:/android-studio_sdk/ndk/21.3.6528147/toolchains/llvm/prebuilt/windows-x86_64/lib/gcc/aarch64-linux-android/4.9.x;F:/android-studio_sdk/ndk/21.3.6528147/toolchains/llvm/prebuilt/windows-x86_64/aarch64-linux-android/lib64;F:/android-studio_sdk/ndk/21.3.6528147/toolchains/llvm/prebuilt/windows-x86_64/sysroot/usr/lib/aarch64-linux-android/24;F:/android-studio_sdk/ndk/21.3.6528147/toolchains/llvm/prebuilt/windows-x86_64/sysroot/usr/lib/aarch64-linux-android;F:/android-studio_sdk/ndk/21.3.6528147/toolchains/llvm/prebuilt/windows-x86_64/aarch64-linux-android/lib;F:/android-studio_sdk/ndk/21.3.6528147/toolchains/llvm/prebuilt/windows-x86_64/sysroot/usr/lib]
  implicit fwks: []




Detecting C [-std=c11] compiler features compiled with the following output:
Change Dir: C:/Users/GUY/Desktop/code/hacking/ctfs/CTFs/kaf2020/oops_my_exploit/android_app/kaf2020android/app/.cxx/cmake/release/arm64-v8a/CMakeFiles/CMakeTmp

Run Build Command:"F:\android-studio_sdk\cmake\3.10.2.4988404\bin\ninja.exe" "cmTC_30d71"
[1/2] Building C object CMakeFiles/cmTC_30d71.dir/feature_tests.c.o
[2/2] Linking C executable cmTC_30d71


    Feature record: C_FEATURE:1c_function_prototypes
    Feature record: C_FEATURE:1c_restrict
    Feature record: C_FEATURE:1c_static_assert
    Feature record: C_FEATURE:1c_variadic_macros


Detecting C [-std=c99] compiler features compiled with the following output:
Change Dir: C:/Users/GUY/Desktop/code/hacking/ctfs/CTFs/kaf2020/oops_my_exploit/android_app/kaf2020android/app/.cxx/cmake/release/arm64-v8a/CMakeFiles/CMakeTmp

Run Build Command:"F:\android-studio_sdk\cmake\3.10.2.4988404\bin\ninja.exe" "cmTC_a935d"
[1/2] Building C object CMakeFiles/cmTC_a935d.dir/feature_tests.c.o
[2/2] Linking C executable cmTC_a935d


    Feature record: C_FEATURE:1c_function_prototypes
    Feature record: C_FEATURE:1c_restrict
    Feature record: C_FEATURE:0c_static_assert
    Feature record: C_FEATURE:1c_variadic_macros


Detecting C [-std=c90] compiler features compiled with the following output:
Change Dir: C:/Users/GUY/Desktop/code/hacking/ctfs/CTFs/kaf2020/oops_my_exploit/android_app/kaf2020android/app/.cxx/cmake/release/arm64-v8a/CMakeFiles/CMakeTmp

Run Build Command:"F:\android-studio_sdk\cmake\3.10.2.4988404\bin\ninja.exe" "cmTC_ba44d"
[1/2] Building C object CMakeFiles/cmTC_ba44d.dir/feature_tests.c.o
[2/2] Linking C executable cmTC_ba44d


    Feature record: C_FEATURE:1c_function_prototypes
    Feature record: C_FEATURE:0c_restrict
    Feature record: C_FEATURE:0c_static_assert
    Feature record: C_FEATURE:0c_variadic_macros
