The system is: Linux - 4.4.0-19041-Microsoft - x86_64
Compiling the CXX compiler identification source file "CMakeCXXCompilerId.cpp" succeeded.
Compiler: /usr/bin/g++ 
Build flags: 
Id flags: 

The output was:
0


Compilation of the CXX compiler identification source "CMakeCXXCompilerId.cpp" produced "a.out"

The CXX compiler identification is GNU, found in "/mnt/c/Users/GUY/Desktop/code/hacking/ctfs/CTFs/kaf2020/oops_my_exploit/server/cmake-build-release/CMakeFiles/3.5.1/CompilerIdCXX/a.out"

Determining if the CXX compiler works passed with the following output:
Change Dir: /mnt/c/Users/GUY/Desktop/code/hacking/ctfs/CTFs/kaf2020/oops_my_exploit/server/cmake-build-release/CMakeFiles/CMakeTmp

Run Build Command:"/usr/bin/make" "cmTC_7502a/fast"
/usr/bin/make -f CMakeFiles/cmTC_7502a.dir/build.make CMakeFiles/cmTC_7502a.dir/build
make[1]: Entering directory '/mnt/c/Users/GUY/Desktop/code/hacking/ctfs/CTFs/kaf2020/oops_my_exploit/server/cmake-build-release/CMakeFiles/CMakeTmp'
Building CXX object CMakeFiles/cmTC_7502a.dir/testCXXCompiler.cxx.o
/usr/bin/g++      -o CMakeFiles/cmTC_7502a.dir/testCXXCompiler.cxx.o -c /mnt/c/Users/GUY/Desktop/code/hacking/ctfs/CTFs/kaf2020/oops_my_exploit/server/cmake-build-release/CMakeFiles/CMakeTmp/testCXXCompiler.cxx
Linking CXX executable cmTC_7502a
/usr/bin/cmake -E cmake_link_script CMakeFiles/cmTC_7502a.dir/link.txt --verbose=1
/usr/bin/g++        CMakeFiles/cmTC_7502a.dir/testCXXCompiler.cxx.o  -o cmTC_7502a 
make[1]: Leaving directory '/mnt/c/Users/GUY/Desktop/code/hacking/ctfs/CTFs/kaf2020/oops_my_exploit/server/cmake-build-release/CMakeFiles/CMakeTmp'


The system is: Linux - 4.4.0-19041-Microsoft - x86_64
Compiling the CXX compiler identification source file "CMakeCXXCompilerId.cpp" succeeded.
Compiler: /usr/bin/g++ 
Build flags: 
Id flags:  

The output was:
0


Compilation of the CXX compiler identification source "CMakeCXXCompilerId.cpp" produced "a.out"

The CXX compiler identification is GNU, found in "/mnt/c/Users/GUY/Desktop/code/hacking/ctfs/CTFs/kaf2020/oops_my_exploit/server/cmake-build-release/CMakeFiles/3.18.4/CompilerIdCXX/a.out"

Determining if the CXX compiler works passed with the following output:
Change Dir: /mnt/c/Users/GUY/Desktop/code/hacking/ctfs/CTFs/kaf2020/oops_my_exploit/server/cmake-build-release/CMakeFiles/CMakeTmp

Run Build Command(s):/usr/bin/make cmTC_6dd5b/fast && /usr/bin/make  -f CMakeFiles/cmTC_6dd5b.dir/build.make CMakeFiles/cmTC_6dd5b.dir/build
make[1]: Entering directory '/mnt/c/Users/GUY/Desktop/code/hacking/ctfs/CTFs/kaf2020/oops_my_exploit/server/cmake-build-release/CMakeFiles/CMakeTmp'
Building CXX object CMakeFiles/cmTC_6dd5b.dir/testCXXCompiler.cxx.o
/usr/bin/g++    -o CMakeFiles/cmTC_6dd5b.dir/testCXXCompiler.cxx.o -c /mnt/c/Users/GUY/Desktop/code/hacking/ctfs/CTFs/kaf2020/oops_my_exploit/server/cmake-build-release/CMakeFiles/CMakeTmp/testCXXCompiler.cxx
Linking CXX executable cmTC_6dd5b
/usr/local/bin/cmake -E cmake_link_script CMakeFiles/cmTC_6dd5b.dir/link.txt --verbose=1
/usr/bin/g++ CMakeFiles/cmTC_6dd5b.dir/testCXXCompiler.cxx.o -o cmTC_6dd5b 
make[1]: Leaving directory '/mnt/c/Users/GUY/Desktop/code/hacking/ctfs/CTFs/kaf2020/oops_my_exploit/server/cmake-build-release/CMakeFiles/CMakeTmp'



