The system is: Linux - 4.4.0-19041-Microsoft - x86_64
Compiling the C compiler identification source file "CMakeCCompilerId.c" succeeded.
Compiler: /usr/bin/clang 
Build flags: 
Id flags: 

The output was:
0


Compilation of the C compiler identification source "CMakeCCompilerId.c" produced "a.out"

The C compiler identification is Clang, found in "/mnt/c/Users/GUY/Desktop/code/hacking/ctfs/CTFs/kaf2020/oops_my_exploit/cmake-build-default-wsl/CMakeFiles/3.5.1/CompilerIdC/a.out"

Determining if the C compiler works passed with the following output:
Change Dir: /mnt/c/Users/GUY/Desktop/code/hacking/ctfs/CTFs/kaf2020/oops_my_exploit/cmake-build-default-wsl/CMakeFiles/CMakeTmp

Run Build Command:"/usr/bin/make" "cmTC_1ee0e/fast"
/usr/bin/make -f CMakeFiles/cmTC_1ee0e.dir/build.make CMakeFiles/cmTC_1ee0e.dir/build
make[1]: Entering directory '/mnt/c/Users/GUY/Desktop/code/hacking/ctfs/CTFs/kaf2020/oops_my_exploit/cmake-build-default-wsl/CMakeFiles/CMakeTmp'
Building C object CMakeFiles/cmTC_1ee0e.dir/testCCompiler.c.o
/usr/bin/clang     -o CMakeFiles/cmTC_1ee0e.dir/testCCompiler.c.o   -c /mnt/c/Users/GUY/Desktop/code/hacking/ctfs/CTFs/kaf2020/oops_my_exploit/cmake-build-default-wsl/CMakeFiles/CMakeTmp/testCCompiler.c
Linking C executable cmTC_1ee0e
/usr/bin/cmake -E cmake_link_script CMakeFiles/cmTC_1ee0e.dir/link.txt --verbose=1
/usr/bin/clang       CMakeFiles/cmTC_1ee0e.dir/testCCompiler.c.o  -o cmTC_1ee0e 
make[1]: Leaving directory '/mnt/c/Users/GUY/Desktop/code/hacking/ctfs/CTFs/kaf2020/oops_my_exploit/cmake-build-default-wsl/CMakeFiles/CMakeTmp'


