Detecting C compiler ABI info failed to compile with the following output:
Change Dir: /mnt/c/Users/GUY/Desktop/code/hacking/ctfs/CTFs/kaf2020/oops_my_exploit/cmake-build-default-wsl/CMakeFiles/CMakeTmp

Run Build Command:"/usr/bin/make" "cmTC_bf218/fast"
/usr/bin/make -f CMakeFiles/cmTC_bf218.dir/build.make CMakeFiles/cmTC_bf218.dir/build
make[1]: Entering directory '/mnt/c/Users/GUY/Desktop/code/hacking/ctfs/CTFs/kaf2020/oops_my_exploit/cmake-build-default-wsl/CMakeFiles/CMakeTmp'
Building C object CMakeFiles/cmTC_bf218.dir/CMakeCCompilerABI.c.o
/usr/bin/clang     -o CMakeFiles/cmTC_bf218.dir/CMakeCCompilerABI.c.o   -c /usr/share/cmake-3.5/Modules/CMakeCCompilerABI.c
Linking C executable cmTC_bf218
/usr/bin/cmake -E cmake_link_script CMakeFiles/cmTC_bf218.dir/link.txt --verbose=1
/usr/bin/clang      -v CMakeFiles/cmTC_bf218.dir/CMakeCCompilerABI.c.o  -o cmTC_bf218  
clang version 3.8.0-2ubuntu4 (tags/RELEASE_380/final)
Target: x86_64-pc-linux-gnu
Thread model: posix
InstalledDir: /usr/bin
Found candidate GCC installation: /usr/bin/../lib/gcc/x86_64-linux-gnu/5.4.0
Found candidate GCC installation: /usr/bin/../lib/gcc/x86_64-linux-gnu/6.0.0
Found candidate GCC installation: /usr/lib/gcc/x86_64-linux-gnu/5.4.0
Found candidate GCC installation: /usr/lib/gcc/x86_64-linux-gnu/6.0.0
Selected GCC installation: /usr/bin/../lib/gcc/x86_64-linux-gnu/5.4.0
Candidate multilib: .;@m64
Selected multilib: .;@m64
 "/usr/bin/ld" -z relro --hash-style=gnu --build-id --eh-frame-hdr -m elf_x86_64 -dynamic-linker /lib64/ld-linux-x86-64.so.2 -o cmTC_bf218 /usr/bin/../lib/gcc/x86_64-linux-gnu/5.4.0/../../../x86_64-linux-gnu/crt1.o /usr/bin/../lib/gcc/x86_64-linux-gnu/5.4.0/../../../x86_64-linux-gnu/crti.o /usr/bin/../lib/gcc/x86_64-linux-gnu/5.4.0/crtbegin.o -L/usr/bin/../lib/gcc/x86_64-linux-gnu/5.4.0 -L/usr/bin/../lib/gcc/x86_64-linux-gnu/5.4.0/../../../x86_64-linux-gnu -L/lib/x86_64-linux-gnu -L/lib/../lib64 -L/usr/lib/x86_64-linux-gnu -L/usr/bin/../lib/gcc/x86_64-linux-gnu/5.4.0/../../.. -L/usr/lib/llvm-3.8/bin/../lib -L/lib -L/usr/lib CMakeFiles/cmTC_bf218.dir/CMakeCCompilerABI.c.o -lgcc --as-needed -lgcc_s --no-as-needed -lc -lgcc --as-needed -lgcc_s --no-as-needed /usr/bin/../lib/gcc/x86_64-linux-gnu/5.4.0/crtend.o /usr/bin/../lib/gcc/x86_64-linux-gnu/5.4.0/../../../x86_64-linux-gnu/crtn.o
make[1]: Leaving directory '/mnt/c/Users/GUY/Desktop/code/hacking/ctfs/CTFs/kaf2020/oops_my_exploit/cmake-build-default-wsl/CMakeFiles/CMakeTmp'

Cannot copy output executable
  '/mnt/c/Users/GUY/Desktop/code/hacking/ctfs/CTFs/kaf2020/oops_my_exploit/cmake-build-default-wsl/CMakeFiles/CMakeTmp/cmTC_bf218'
to destination specified by COPY_FILE:
  '/mnt/c/Users/GUY/Desktop/code/hacking/ctfs/CTFs/kaf2020/oops_my_exploit/cmake-build-default-wsl/CMakeFiles/3.5.1/CMakeDetermineCompilerABI_C.bin'


Detecting C [-std=c11] compiler features failed to compile with the following output:
Change Dir: /mnt/c/Users/GUY/Desktop/code/hacking/ctfs/CTFs/kaf2020/oops_my_exploit/cmake-build-default-wsl/CMakeFiles/CMakeTmp

Run Build Command:"/usr/bin/make" "cmTC_5f0f6/fast"
/usr/bin/make -f CMakeFiles/cmTC_5f0f6.dir/build.make CMakeFiles/cmTC_5f0f6.dir/build
make[1]: Entering directory '/mnt/c/Users/GUY/Desktop/code/hacking/ctfs/CTFs/kaf2020/oops_my_exploit/cmake-build-default-wsl/CMakeFiles/CMakeTmp'
Building C object CMakeFiles/cmTC_5f0f6.dir/feature_tests.c.o
/usr/bin/clang    -std=c11 -o CMakeFiles/cmTC_5f0f6.dir/feature_tests.c.o   -c /mnt/c/Users/GUY/Desktop/code/hacking/ctfs/CTFs/kaf2020/oops_my_exploit/cmake-build-default-wsl/CMakeFiles/feature_tests.c
Linking C executable cmTC_5f0f6
/usr/bin/cmake -E cmake_link_script CMakeFiles/cmTC_5f0f6.dir/link.txt --verbose=1
/usr/bin/clang       CMakeFiles/cmTC_5f0f6.dir/feature_tests.c.o  -o cmTC_5f0f6 
make[1]: Leaving directory '/mnt/c/Users/GUY/Desktop/code/hacking/ctfs/CTFs/kaf2020/oops_my_exploit/cmake-build-default-wsl/CMakeFiles/CMakeTmp'

Cannot copy output executable
  '/mnt/c/Users/GUY/Desktop/code/hacking/ctfs/CTFs/kaf2020/oops_my_exploit/cmake-build-default-wsl/CMakeFiles/CMakeTmp/cmTC_5f0f6'
to destination specified by COPY_FILE:
  '/mnt/c/Users/GUY/Desktop/code/hacking/ctfs/CTFs/kaf2020/oops_my_exploit/cmake-build-default-wsl/CMakeFiles/feature_tests.bin'


